[debug] [2024-03-31T03:48:35.170Z] ----------------------------------------------------------------------
[debug] [2024-03-31T03:48:35.172Z] Command:       /usr/local/share/nvm/versions/node/v20.11.1/bin/node /home/codespace/nvm/current/bin/firebase deploy
[debug] [2024-03-31T03:48:35.172Z] CLI Version:   13.6.0
[debug] [2024-03-31T03:48:35.172Z] Platform:      linux
[debug] [2024-03-31T03:48:35.173Z] Node Version:  v20.11.1
[debug] [2024-03-31T03:48:35.173Z] Time:          Sun Mar 31 2024 03:48:35 GMT+0000 (Coordinated Universal Time)
[debug] [2024-03-31T03:48:35.173Z] Env Overrides: GITHUB_API_URL
[debug] [2024-03-31T03:48:35.173Z] ----------------------------------------------------------------------
[debug] 
[debug] [2024-03-31T03:48:35.269Z] > command requires scopes: ["email","openid","https://www.googleapis.com/auth/cloudplatformprojects.readonly","https://www.googleapis.com/auth/firebase","https://www.googleapis.com/auth/cloud-platform"]
[debug] [2024-03-31T03:48:35.269Z] > authorizing via signed-in user (portughalam@gmail.com)
[debug] [2024-03-31T03:48:35.269Z] [iam] checking project integralsarena for permissions ["cloudfunctions.functions.create","cloudfunctions.functions.delete","cloudfunctions.functions.get","cloudfunctions.functions.list","cloudfunctions.functions.update","cloudfunctions.operations.get","firebase.projects.get","firebasedatabase.instances.update","firebasehosting.sites.update"]
[debug] [2024-03-31T03:48:35.271Z] >>> [apiv2][query] POST https://cloudresourcemanager.googleapis.com/v1/projects/integralsarena:testIamPermissions [none]
[debug] [2024-03-31T03:48:35.271Z] >>> [apiv2][(partial)header] POST https://cloudresourcemanager.googleapis.com/v1/projects/integralsarena:testIamPermissions x-goog-quota-user=projects/integralsarena
[debug] [2024-03-31T03:48:35.271Z] >>> [apiv2][body] POST https://cloudresourcemanager.googleapis.com/v1/projects/integralsarena:testIamPermissions {"permissions":["cloudfunctions.functions.create","cloudfunctions.functions.delete","cloudfunctions.functions.get","cloudfunctions.functions.list","cloudfunctions.functions.update","cloudfunctions.operations.get","firebase.projects.get","firebasedatabase.instances.update","firebasehosting.sites.update"]}
[debug] [2024-03-31T03:48:35.559Z] <<< [apiv2][status] POST https://cloudresourcemanager.googleapis.com/v1/projects/integralsarena:testIamPermissions 200
[debug] [2024-03-31T03:48:35.559Z] <<< [apiv2][body] POST https://cloudresourcemanager.googleapis.com/v1/projects/integralsarena:testIamPermissions {"permissions":["cloudfunctions.functions.create","cloudfunctions.functions.delete","cloudfunctions.functions.get","cloudfunctions.functions.list","cloudfunctions.functions.update","cloudfunctions.operations.get","firebase.projects.get","firebasedatabase.instances.update","firebasehosting.sites.update"]}
[debug] [2024-03-31T03:48:35.559Z] >>> [apiv2][query] POST https://iam.googleapis.com/v1/projects/integralsarena/serviceAccounts/integralsarena@appspot.gserviceaccount.com:testIamPermissions [none]
[debug] [2024-03-31T03:48:35.560Z] >>> [apiv2][body] POST https://iam.googleapis.com/v1/projects/integralsarena/serviceAccounts/integralsarena@appspot.gserviceaccount.com:testIamPermissions {"permissions":["iam.serviceAccounts.actAs"]}
[debug] [2024-03-31T03:48:35.883Z] <<< [apiv2][status] POST https://iam.googleapis.com/v1/projects/integralsarena/serviceAccounts/integralsarena@appspot.gserviceaccount.com:testIamPermissions 200
[debug] [2024-03-31T03:48:35.883Z] <<< [apiv2][body] POST https://iam.googleapis.com/v1/projects/integralsarena/serviceAccounts/integralsarena@appspot.gserviceaccount.com:testIamPermissions {"permissions":["iam.serviceAccounts.actAs"]}
[debug] [2024-03-31T03:48:35.884Z] >>> [apiv2][query] GET https://firebase.googleapis.com/v1beta1/projects/integralsarena [none]
[debug] [2024-03-31T03:48:36.210Z] <<< [apiv2][status] GET https://firebase.googleapis.com/v1beta1/projects/integralsarena 200
[debug] [2024-03-31T03:48:36.210Z] <<< [apiv2][body] GET https://firebase.googleapis.com/v1beta1/projects/integralsarena {"projectId":"integralsarena","projectNumber":"978478141428","displayName":"integralsarena","name":"projects/integralsarena","resources":{"hostingSite":"integralsarena","realtimeDatabaseInstance":"integralsarena-default-rtdb"},"state":"ACTIVE","etag":"1_76d7b8bb-2f3a-499d-8d32-c515c94bd30a"}
[debug] [2024-03-31T03:48:36.211Z] >>> [apiv2][query] GET https://firebase.googleapis.com/v1beta1/projects/integralsarena [none]
[debug] [2024-03-31T03:48:36.351Z] <<< [apiv2][status] GET https://firebase.googleapis.com/v1beta1/projects/integralsarena 200
[debug] [2024-03-31T03:48:36.351Z] <<< [apiv2][body] GET https://firebase.googleapis.com/v1beta1/projects/integralsarena {"projectId":"integralsarena","projectNumber":"978478141428","displayName":"integralsarena","name":"projects/integralsarena","resources":{"hostingSite":"integralsarena","realtimeDatabaseInstance":"integralsarena-default-rtdb"},"state":"ACTIVE","etag":"1_76d7b8bb-2f3a-499d-8d32-c515c94bd30a"}
[debug] [2024-03-31T03:48:37.756Z] >>> [apiv2][query] GET https://firebasehosting.googleapis.com/v1beta1/projects/integralsarena/sites pageToken=&pageSize=10
[debug] [2024-03-31T03:48:38.499Z] <<< [apiv2][status] GET https://firebasehosting.googleapis.com/v1beta1/projects/integralsarena/sites 200
[debug] [2024-03-31T03:48:38.499Z] <<< [apiv2][body] GET https://firebasehosting.googleapis.com/v1beta1/projects/integralsarena/sites {"sites":[{"name":"projects/integralsarena/sites/integralsarena","defaultUrl":"https://integralsarena.web.app","appId":"1:978478141428:web:f3566e7bc6ea602177b3a1","type":"DEFAULT_SITE"}]}
[debug] [2024-03-31T03:48:38.499Z] >>> [apiv2][query] GET https://firebase.googleapis.com/v1beta1/projects/-/webApps/1:978478141428:web:f3566e7bc6ea602177b3a1/config [none]
[debug] [2024-03-31T03:48:39.035Z] <<< [apiv2][status] GET https://firebase.googleapis.com/v1beta1/projects/-/webApps/1:978478141428:web:f3566e7bc6ea602177b3a1/config 200
[debug] [2024-03-31T03:48:39.036Z] <<< [apiv2][body] GET https://firebase.googleapis.com/v1beta1/projects/-/webApps/1:978478141428:web:f3566e7bc6ea602177b3a1/config {"projectId":"integralsarena","appId":"1:978478141428:web:f3566e7bc6ea602177b3a1","databaseURL":"https://integralsarena-default-rtdb.firebaseio.com","storageBucket":"integralsarena.appspot.com","apiKey":"AIzaSyDiDHodqqgXhmjtaharNv0yCLBnc-kDWe0","authDomain":"integralsarena.firebaseapp.com","messagingSenderId":"978478141428","measurementId":"G-N5T6SMBHL2"}
[info] 
   Thank you for trying our experimental support for SvelteKit on Firebase Hosting.
   While this integration is maintained by Googlers it is not a supported Firebase product.
   Issues filed on GitHub will be addressed on a best-effort basis by maintainers and other community members.

   Documentation: https://firebase.google.com/docs/hosting/frameworks/frameworks-overview
   File a bug: https://github.com/firebase/firebase-tools/issues/new?template=bug_report.md
   Submit a feature request: https://github.com/firebase/firebase-tools/issues/new?template=feature_request.md

   We'd love to learn from you. Express your interest in helping us shape the future of Firebase Hosting: https://goo.gle/41enW5X

